clang-14: warning: -ldl: 'linker' input unused [-Wunused-command-line-argument]
clang-14: warning: argument unused during compilation: '-fuse-ld=lld' [-Wunused-command-line-argument]
In file included from /afs/ece/project/seth_group/ziqiliu/test-cp/pbbs_v2/classify-test/bench/classifyTime.C:25:
In file included from /afs/ece/project/seth_group/ziqiliu/test-cp/pbbs_v2/classify-test/bench/parlay/parallel.h:53:
/afs/ece/project/seth_group/ziqiliu/test-cp/pbbs_v2/classify-test/bench/parlay/internal/scheduler_plugins/opencilk.h:54:9: warning:  OPENCILKDEFAULT_ENABLED  [-W#pragma-messages]
#pragma message (" OPENCILKDEFAULT_ENABLED ")
        ^
/afs/ece/project/seth_group/ziqiliu/test-cp/pbbs_v2/classify-test/bench/parlay/internal/scheduler_plugins/opencilk.h:84:9: warning:  MAXGRAINSIZE 2048 [-W#pragma-messages]
#pragma message (" MAXGRAINSIZE " STRING(MAXGRAINSIZE))
        ^
/afs/ece/project/seth_group/ziqiliu/test-cp/pbbs_v2/classify-test/bench/parlay/internal/scheduler_plugins/opencilk.h:101:37: warning: '__cilkrts_get_worker_number' is deprecated [-Wdeprecated-declarations]
 inline size_t worker_id() { return __cilkrts_get_worker_number(); }
                                    ^
/afs/ece/project/seth_group/ziqiliu/cheetah/build/include/cilk/cilk_api.h:17:66: note: '__cilkrts_get_worker_number' has been explicitly marked deprecated here
extern unsigned __cilkrts_get_worker_number(void) __attribute__((deprecated));
                                                                 ^
In file included from /afs/ece/project/seth_group/ziqiliu/test-cp/pbbs_v2/classify-test/bench/classifyTime.C:25:
In file included from /afs/ece/project/seth_group/ziqiliu/test-cp/pbbs_v2/classify-test/bench/parlay/parallel.h:53:
/afs/ece/project/seth_group/ziqiliu/test-cp/pbbs_v2/classify-test/bench/parlay/internal/scheduler_plugins/opencilk.h:259:19: warning: cast to 'void *' from smaller integer type 'int' [-Wint-to-void-pointer-cast]
  resumeCtx[19] = (void*)threadId;
                  ^~~~~~~~~~~~~~~
In file included from /afs/ece/project/seth_group/ziqiliu/test-cp/pbbs_v2/classify-test/bench/classifyTime.C:26:
In file included from /afs/ece/project/seth_group/ziqiliu/test-cp/pbbs_v2/classify-test/bench/parlay/primitives.h:17:
In file included from /afs/ece/project/seth_group/ziqiliu/test-cp/pbbs_v2/classify-test/bench/parlay/internal/counting_sort.h:15:
In file included from /afs/ece/project/seth_group/ziqiliu/test-cp/pbbs_v2/classify-test/bench/parlay/internal/sequence_ops.h:16:
/afs/ece/project/seth_group/ziqiliu/test-cp/pbbs_v2/classify-test/bench/parlay/internal/../sequence.h:471:25: error: expected '(' for function-style cast or type construction
    return sequence_type<F, PRR>(n, std::forward<F>(f), _from_function_tag(), granularity);
           ~~~~~~~~~~~~~^
/afs/ece/project/seth_group/ziqiliu/test-cp/pbbs_v2/classify-test/bench/parlay/internal/../sequence.h:471:26: error: 'F' does not refer to a value
    return sequence_type<F, PRR>(n, std::forward<F>(f), _from_function_tag(), granularity);
                         ^
/afs/ece/project/seth_group/ziqiliu/test-cp/pbbs_v2/classify-test/bench/parlay/internal/../sequence.h:469:21: note: declared here
  template<typename F, int PRR = 0>
                    ^
In file included from /afs/ece/project/seth_group/ziqiliu/test-cp/pbbs_v2/classify-test/bench/classifyTime.C:26:
In file included from /afs/ece/project/seth_group/ziqiliu/test-cp/pbbs_v2/classify-test/bench/parlay/primitives.h:17:
In file included from /afs/ece/project/seth_group/ziqiliu/test-cp/pbbs_v2/classify-test/bench/parlay/internal/counting_sort.h:15:
/afs/ece/project/seth_group/ziqiliu/test-cp/pbbs_v2/classify-test/bench/parlay/internal/sequence_ops.h:34:10: error: too many template arguments for class template 'sequence'
  return sequence<T, AllocatorType, enableSSO, PRR>
         ^                                     ~~~~
/afs/ece/project/seth_group/ziqiliu/test-cp/pbbs_v2/classify-test/bench/parlay/internal/../sequence.h:66:7: note: template is declared here
class sequence : protected sequence_internal::sequence_base<T, Allocator, EnableSSO> {
      ^
In file included from /afs/ece/project/seth_group/ziqiliu/test-cp/pbbs_v2/classify-test/bench/classifyTime.C:26:
In file included from /afs/ece/project/seth_group/ziqiliu/test-cp/pbbs_v2/classify-test/bench/parlay/primitives.h:17:
In file included from /afs/ece/project/seth_group/ziqiliu/test-cp/pbbs_v2/classify-test/bench/parlay/internal/counting_sort.h:15:
/afs/ece/project/seth_group/ziqiliu/test-cp/pbbs_v2/classify-test/bench/parlay/internal/sequence_ops.h:58:10: error: too many template arguments for class template 'sequence'
  return sequence<T, AllocatorType, enableSSO, PRR>::from_function(n, std::forward<UnaryOp>(f), granularity);
         ^                                     ~~~~
/afs/ece/project/seth_group/ziqiliu/test-cp/pbbs_v2/classify-test/bench/parlay/internal/../sequence.h:66:7: note: template is declared here
class sequence : protected sequence_internal::sequence_base<T, Allocator, EnableSSO> {
      ^
In file included from /afs/ece/project/seth_group/ziqiliu/test-cp/pbbs_v2/classify-test/bench/classifyTime.C:26:
In file included from /afs/ece/project/seth_group/ziqiliu/test-cp/pbbs_v2/classify-test/bench/parlay/primitives.h:19:
In file included from /afs/ece/project/seth_group/ziqiliu/test-cp/pbbs_v2/classify-test/bench/parlay/internal/group_by.h:17:
/afs/ece/project/seth_group/ziqiliu/test-cp/pbbs_v2/classify-test/bench/parlay/internal/collect_reduce.h:433:21: warning: use of function template name with no prior declaration in function call with explicit template arguments is a C++20 extension [-Wc++20-extensions]
  return /** PRR: */flatten<Ty, AllocatorTy, EnableSSO, 1>(std::move(tables));
                    ^
/afs/ece/project/seth_group/ziqiliu/test-cp/pbbs_v2/classify-test/bench/parlay/internal/collect_reduce.h:489:21: warning: use of function template name with no prior declaration in function call with explicit template arguments is a C++20 extension [-Wc++20-extensions]
  return /** PRR: */flatten<Ty, 2>(std::move(tables));
                    ^
In file included from /afs/ece/project/seth_group/ziqiliu/test-cp/pbbs_v2/classify-test/bench/classifyTime.C:26:
/afs/ece/project/seth_group/ziqiliu/test-cp/pbbs_v2/classify-test/bench/parlay/primitives.h:1013:34: error: too many template arguments for class template 'sequence'
auto flatten(/** PRR: */sequence<sequence<T, Allocator, EnableSSO, PRR>, Allocator, EnableSSO, PRR>&& r) {
                                 ^                                 ~~~~
/afs/ece/project/seth_group/ziqiliu/test-cp/pbbs_v2/classify-test/bench/parlay/sequence.h:66:7: note: template is declared here
class sequence : protected sequence_internal::sequence_base<T, Allocator, EnableSSO> {
      ^
In file included from /afs/ece/project/seth_group/ziqiliu/test-cp/pbbs_v2/classify-test/bench/classifyTime.C:26:
/afs/ece/project/seth_group/ziqiliu/test-cp/pbbs_v2/classify-test/bench/parlay/primitives.h:1016:58: error: use of undeclared identifier 'it'
    [it = std::begin(r)](size_t i) { return parlay::size(it[i]); });
                                                         ^
/afs/ece/project/seth_group/ziqiliu/test-cp/pbbs_v2/classify-test/bench/parlay/primitives.h:1020:69: error: use of undeclared identifier 'it'
    uninitialized_relocate_n(std::begin(res)+offsets[i], std::begin(it[i]), it[i].size());
                                                                    ^
/afs/ece/project/seth_group/ziqiliu/test-cp/pbbs_v2/classify-test/bench/parlay/primitives.h:1020:77: error: use of undeclared identifier 'it'
    uninitialized_relocate_n(std::begin(res)+offsets[i], std::begin(it[i]), it[i].size());
                                                                            ^
/afs/ece/project/seth_group/ziqiliu/test-cp/pbbs_v2/classify-test/bench/parlay/primitives.h:1021:21: error: use of undeclared identifier 'it'
    clear_relocated(it[i]);
                    ^
/afs/ece/project/seth_group/ziqiliu/test-cp/pbbs_v2/classify-test/bench/parlay/primitives.h:1023:16: error: 'template' keyword not permitted here
  /** PRR: */r.template clear<PRR>();
               ^~~~~~~~~
/afs/ece/project/seth_group/ziqiliu/test-cp/pbbs_v2/classify-test/bench/parlay/primitives.h:997:8: error: variable has incomplete type 'void'
  auto offsets = tabulate(parlay::size(r), [it = std::begin(r)](size_t i)
       ^
/afs/ece/project/seth_group/ziqiliu/test-cp/pbbs_v2/classify-test/bench/parlay/io.h:352:10: note: in instantiation of function template specialization 'parlay::flatten<parlay::sequence<parlay::sequence<char, parlay::allocator<char>, true>, parlay::allocator<parlay::sequence<char, parlay::allocator<char>, true>>, false> &>' requested here
  return flatten(s);
         ^
In file included from /afs/ece/project/seth_group/ziqiliu/test-cp/pbbs_v2/classify-test/bench/classifyTime.C:33:
/afs/ece/project/seth_group/ziqiliu/test-cp/pbbs_v2/classify-test/bench/classify.h:7:24: error: too many template arguments for class template 'sequence'
using row_ef = parlay::sequence<value, AllocatorTy, EnableSSO, 1>;
                       ^                                       ~~
/afs/ece/project/seth_group/ziqiliu/test-cp/pbbs_v2/classify-test/bench/parlay/sequence.h:66:7: note: template is declared here
class sequence : protected sequence_internal::sequence_base<T, Allocator, EnableSSO> {
      ^
In file included from /afs/ece/project/seth_group/ziqiliu/test-cp/pbbs_v2/classify-test/bench/classifyTime.C:33:
/afs/ece/project/seth_group/ziqiliu/test-cp/pbbs_v2/classify-test/bench/classify.h:8:25: error: too many template arguments for class template 'sequence'
using row_dac = parlay::sequence<value, AllocatorTy, EnableSSO, 2>;
                        ^                                       ~~
/afs/ece/project/seth_group/ziqiliu/test-cp/pbbs_v2/classify-test/bench/parlay/sequence.h:66:7: note: template is declared here
class sequence : protected sequence_internal::sequence_base<T, Allocator, EnableSSO> {
      ^
In file included from /afs/ece/project/seth_group/ziqiliu/test-cp/pbbs_v2/classify-test/bench/classifyTime.C:33:
/afs/ece/project/seth_group/ziqiliu/test-cp/pbbs_v2/classify-test/bench/classify.h:12:34: error: use of undeclared identifier 'row_ef'
using rows_ef = parlay::sequence<row_ef>;
                                 ^
/afs/ece/project/seth_group/ziqiliu/test-cp/pbbs_v2/classify-test/bench/classify.h:13:35: error: use of undeclared identifier 'row_dac'
using rows_dac = parlay::sequence<row_dac>;
                                  ^
/afs/ece/project/seth_group/ziqiliu/test-cp/pbbs_v2/classify-test/bench/classify.h:26:1: error: unknown type name 'row_ef'
row_ef classify(features const &Train, rows const &Test, bool verbose);
^
/afs/ece/project/seth_group/ziqiliu/test-cp/pbbs_v2/classify-test/bench/classifyTime.C:50:21: error: unknown type name 'row_ef'
void report_correct(row_ef result, row labels) {
                    ^
In file included from /afs/ece/project/seth_group/ziqiliu/test-cp/pbbs_v2/classify-test/bench/classifyTime.C:26:
In file included from /afs/ece/project/seth_group/ziqiliu/test-cp/pbbs_v2/classify-test/bench/common/../parlay-test/primitives.h:17:
In file included from /afs/ece/project/seth_group/ziqiliu/test-cp/pbbs_v2/classify-test/bench/parlay/internal/counting_sort.h:15:
/afs/ece/project/seth_group/ziqiliu/test-cp/pbbs_v2/classify-test/bench/parlay/internal/delayed/../sequence_ops.h:28:3: error: static_assert failed due to requirement '!std::is_void_v<void>'
  static_assert(!std::is_void_v<std::invoke_result_t<UnaryOp, size_t>>);
  ^             ~~~~~~~~~~~~~~~~~~~~~~~~~~~~~~~~~~~~~~~~~~~~~~~~~~~~~~
/afs/ece/project/seth_group/ziqiliu/test-cp/pbbs_v2/classify-test/bench/classifyTime.C:56:47: note: in instantiation of function template specialization 'parlay::internal::tabulate<(lambda at /afs/ece/project/seth_group/ziqiliu/test-cp/pbbs_v2/classify-test/bench/classifyTime.C:56:59), 0>' requested here
  size_t num_correct = parlay::reduce(parlay::tabulate(n, [&] (size_t i) {
                                              ^
/afs/ece/project/seth_group/ziqiliu/test-cp/pbbs_v2/classify-test/bench/classifyTime.C:56:24: error: no matching function for call to 'reduce'
  size_t num_correct = parlay::reduce(parlay::tabulate(n, [&] (size_t i) {
                       ^~~~~~~~~~~~~~
/afs/ece/project/seth_group/ziqiliu/test-cp/pbbs_v2/classify-test/bench/common/../parlay-test/primitives.h:117:6: note: candidate template ignored: substitution failure [with R = void]: cannot form a reference to 'void'
auto reduce(R&& r) {
     ^       ~~
/afs/ece/project/seth_group/ziqiliu/test-cp/pbbs_v2/classify-test/bench/common/../parlay-test/primitives.h:94:6: note: candidate function template not viable: requires 2 arguments, but 1 was provided
auto reduce(R&& r, Monoid&& m) {
     ^
/afs/ece/project/seth_group/ziqiliu/test-cp/pbbs_v2/classify-test/bench/common/../parlay-test/primitives.h:110:6: note: candidate function template not viable: requires 2 arguments, but 1 was provided
auto reduce(R&& r, LegacyMonoid m) {
     ^
fatal error: too many errors emitted, stopping now [-ferror-limit=]
6 warnings and 20 errors generated.
